<?xml version="1.0" encoding="UTF-8"?>
<!-- Generated by org.testng.reporters.JUnitReportReporter -->
<testsuite hostname="PRKG-BLR-01" failures="0" tests="2" name="Testng.Enables" time="0.001" errors="0" timestamp="2023-05-26T12:20:50 IST" skipped="1">
  <testcase classname="Testng.Enables" name="Tc2" time="0.001"/>
  <system-out>
    <![CDATA[2]]>
  </system-out>
  <testcase classname="Testng.Enables" name="Tc1">
    <skipped/>
  </testcase> <!-- Tc1 -->
  <system-out/>
</testsuite> <!-- Testng.Enables -->
