<?xml version="1.0" encoding="UTF-8"?>
<!-- Generated by org.testng.reporters.JUnitReportReporter -->
<testsuite hostname="PRKG-BLR-01" failures="0" tests="1" name="Testng.Testcase" time="14.696" errors="0" timestamp="2023-07-07T16:25:00 IST" skipped="0">
  <testcase classname="Testng.Testcase" name="testlogin" time="14.696"/>
  <system-out/>
</testsuite> <!-- Testng.Testcase -->
