<?xml version="1.0" encoding="UTF-8"?>
<!-- Generated by org.testng.reporters.JUnitReportReporter -->
<testsuite hostname="PRKG-BLR-01" failures="0" tests="1" name="Testng.Login" time="17.265" errors="0" timestamp="2023-05-26T12:28:36 IST" skipped="0">
  <testcase classname="Testng.Login" name="test" time="17.265"/>
  <system-out/>
</testsuite> <!-- Testng.Login -->
