<?xml version="1.0" encoding="UTF-8"?>
<!-- Generated by org.testng.reporters.JUnitReportReporter -->
<testsuite hostname="PRKG-BLR-01" failures="0" tests="1" name="Testng.DemoAutomationPracticeForm" time="28.469" errors="0" timestamp="2023-08-24T11:20:03 IST" skipped="0">
  <testcase classname="Testng.DemoAutomationPracticeForm" name="test" time="28.469"/>
</testsuite> <!-- Testng.DemoAutomationPracticeForm -->
