<?xml version="1.0" encoding="UTF-8"?>
<!-- Generated by org.testng.reporters.JUnitReportReporter -->
<testsuite hostname="PRKG-BLR-01" failures="0" tests="1" name="Testng.SauceLabs" time="29.230" errors="0" timestamp="2023-08-24T13:07:19 IST" skipped="0">
  <testcase classname="Testng.SauceLabs" name="testone" time="29.230"/>
</testsuite> <!-- Testng.SauceLabs -->
