<?xml version="1.0" encoding="UTF-8"?>
<!-- Generated by org.testng.reporters.JUnitReportReporter -->
<testsuite hostname="PRKG-BLR-01" failures="0" tests="1" name="Testng.GeneraJmeter" time="10.928" errors="0" timestamp="2023-07-10T12:30:57 IST" skipped="0">
  <testcase classname="Testng.GeneraJmeter" name="test1" time="10.928"/>
  <system-out/>
</testsuite> <!-- Testng.GeneraJmeter -->
