<?xml version="1.0" encoding="UTF-8"?>
<!-- Generated by org.testng.reporters.JUnitReportReporter -->
<testsuite hostname="PRKG-BLR-01" failures="0" tests="1" name="Testng.Flipkart" time="16.944" errors="0" timestamp="2023-07-11T19:40:34 IST" skipped="0">
  <testcase classname="Testng.Flipkart" name="test1" time="16.944"/>
  <system-out/>
</testsuite> <!-- Testng.Flipkart -->
