<?xml version="1.0" encoding="UTF-8"?>
<!-- Generated by org.testng.reporters.JUnitReportReporter -->
<testsuite hostname="PRKG-BLR-01" failures="0" tests="1" name="Testng.Scroll" time="18.559" errors="0" timestamp="2023-05-26T16:26:34 IST" skipped="0">
  <testcase classname="Testng.Scroll" name="test" time="18.559"/>
  <system-out/>
</testsuite> <!-- Testng.Scroll -->
