<?xml version="1.0" encoding="UTF-8"?>
<!-- Generated by org.testng.reporters.JUnitReportReporter -->
<testsuite hostname="PRKG-BLR-01" failures="0" tests="3" name="Testng.Tc1" time="0.003" errors="0" timestamp="2023-05-26T12:20:50 IST" skipped="0">
  <testcase classname="Testng.Tc1" name="test1" time="0.001"/>
  <system-out>
    <![CDATA[1]]>
  </system-out>
  <testcase classname="Testng.Tc1" name="test3" time="0.001"/>
  <system-out>
    <![CDATA[3]]>
  </system-out>
  <testcase classname="Testng.Tc1" name="test2" time="0.001"/>
  <system-out>
    <![CDATA[2]]>
  </system-out>
</testsuite> <!-- Testng.Tc1 -->
