<?xml version="1.0" encoding="UTF-8"?>
<!-- Generated by org.testng.reporters.JUnitReportReporter -->
<testsuite hostname="PRKG-BLR-01" failures="0" tests="5" name="Testng.Count" time="0.007" errors="0" timestamp="2023-05-26T12:20:50 IST" skipped="0">
  <testcase classname="Testng.Count" name="test2" time="0.002"/>
  <system-out>
    <![CDATA[2]]>
  </system-out>
  <testcase classname="Testng.Count" name="test2" time="0.001"/>
  <system-out>
    <![CDATA[2]]>
  </system-out>
  <testcase classname="Testng.Count" name="test1" time="0.001"/>
  <system-out>
    <![CDATA[1]]>
  </system-out>
  <testcase classname="Testng.Count" name="test1" time="0.002"/>
  <system-out>
    <![CDATA[1]]>
  </system-out>
  <testcase classname="Testng.Count" name="test2" time="0.001"/>
  <system-out>
    <![CDATA[2]]>
  </system-out>
</testsuite> <!-- Testng.Count -->
